<?xml version="1.0" encoding="UTF-8"?>
<!-- Generated by org.testng.reporters.JUnitXMLReporter -->
<testsuite hostname="Techno-232" ignored="0" name="test1" tests="1" failures="1" timestamp="14 Nov 2019 08:17:25 GMT" time="7.296" errors="0">
  <testcase name="run" time="7.222" classname="io.mosip.pmp.ruv.ResourceUrlValidator">
    <failure type="java.lang.AssertionError" message="null">
      <![CDATA[java.lang.AssertionError: null
at io.mosip.pmp.ruv.ResourceUrlValidator.run(ResourceUrlValidator.java:22)
... Removed 36 stack frames]]>
    </failure>
  </testcase> <!-- run -->
</testsuite> <!-- test1 -->
